<?xml version="1.0" encoding="UTF-8"?>
<!-- Generated by org.testng.reporters.JUnitReportReporter -->
<testsuite hostname="BLR135CG9157DMW" failures="0" tests="1" name="com.hospitality.mmtrip.pom.Login" time="0.011" errors="0" timestamp="2021-02-27T18:59:14 IST" skipped="0">
  <testcase classname="com.hospitality.mmtrip.pom.Login" name="my" time="0.011"/>
  <system-out/>
</testsuite> <!-- com.hospitality.mmtrip.pom.Login -->
