<?xml version="1.0" encoding="UTF-8"?>
<!-- Generated by org.testng.reporters.JUnitReportReporter -->
<testsuite hostname="BLR135CG9157DMW" failures="0" tests="1" name="Homepagetest" time="23.872" errors="0" timestamp="2021-02-27T20:43:37 IST" skipped="0">
  <testcase classname="Homepagetest" name="homepage" time="23.872"/>
  <system-out/>
</testsuite> <!-- Homepagetest -->
